2020-12-09 22:24:12.267ms INFO  CalculatorLogic: + startup: Calculator24
2020-12-09 22:24:12.269ms INFO  CustomerManager: + startup: Kunden
2020-12-09 22:24:12.271ms INFO  ArticleCatalog: + startup: Artikelkatalog
2020-12-09 22:24:19.926ms INFO  CustomerManager:Update Customer: K999508
2020-12-09 22:24:25.302ms INFO  CustomerManager:Update Customer: K136161
2020-12-09 22:24:28.331ms INFO  CustomerManager:Delete Customer(s): K663439, K562980, K082407
2020-12-09 22:24:31.030ms INFO  ArticleCatalog:Delete Article(s): P86819037, P53117347, P67610947
2020-12-09 22:24:34.042ms INFO  ArticleCatalog:Create new Article: P39356008
2020-12-09 22:24:35.339ms INFO  ArticleCatalog:Update Article: P39356008
2020-12-09 22:24:38.050ms INFO  ArticleCatalog: - shutdown: Artikelkatalog
2020-12-09 22:24:38.052ms INFO  CustomerManager: - shutdown: Kunden
2020-12-09 22:24:38.053ms INFO  CalculatorLogic: - shutdown: Calculator24
2021-01-16 00:53:58.682ms INFO  CalculatorLogic: + startup: Calculator24
2021-01-16 00:53:58.687ms INFO  CustomerManager: + startup: Kunden
2021-01-16 00:53:58.687ms INFO  ArticleCatalog: + startup: Artikelkatalog
2021-01-16 01:00:53.879ms INFO  CalculatorLogic: + startup: Calculator24
2021-01-16 01:00:53.879ms INFO  CustomerManager: + startup: Kunden
2021-01-16 01:00:53.879ms INFO  ArticleCatalog: + startup: Artikelkatalog
2021-01-16 01:17:28.011ms INFO  CalculatorLogic: + startup: Calculator24
2021-01-16 01:17:28.026ms INFO  CustomerManager: + startup: Kunden
2021-01-16 01:17:28.027ms INFO  ArticleCatalog: + startup: Artikelkatalog
2021-01-16 01:25:51.292ms INFO  CalculatorLogic: + startup: Calculator24
2021-01-16 01:25:51.292ms INFO  CustomerManager: + startup: Kunden
2021-01-16 01:25:51.292ms INFO  ArticleCatalog: + startup: Artikelkatalog
2021-01-16 01:34:51.871ms INFO  CalculatorLogic: + startup: Calculator24
2021-01-16 01:34:51.872ms INFO  CustomerManager: + startup: Kunden
2021-01-16 01:34:51.873ms INFO  ArticleCatalog: + startup: Artikelkatalog
2021-01-16 01:35:15.454ms INFO  CustomerManager:Update Customer: K081093
2021-01-16 01:35:33.544ms INFO  CustomerManager:Create Note for Customer
2021-01-16 01:35:35.311ms INFO  CustomerManager:Update Customer: K081093
2021-01-16 01:35:47.608ms INFO  ArticleCatalog: - shutdown: Artikelkatalog
2021-01-16 01:35:47.611ms INFO  CustomerManager: - shutdown: Kunden
2021-01-16 01:35:47.611ms INFO  CalculatorLogic: - shutdown: Calculator24
2021-01-16 01:35:59.597ms INFO  CalculatorLogic: + startup: Calculator24
2021-01-16 01:35:59.597ms INFO  CustomerManager: + startup: Kunden
2021-01-16 01:35:59.598ms INFO  ArticleCatalog: + startup: Artikelkatalog
2021-01-16 01:37:20.053ms INFO  CalculatorLogic: + startup: Calculator24
2021-01-16 01:37:20.053ms INFO  CustomerManager: + startup: Kunden
2021-01-16 01:37:20.054ms INFO  ArticleCatalog: + startup: Artikelkatalog
2021-01-16 01:37:27.262ms INFO  ArticleCatalog: - shutdown: Artikelkatalog
2021-01-16 01:37:27.266ms INFO  CustomerManager: - shutdown: Kunden
2021-01-16 01:37:27.266ms INFO  CalculatorLogic: - shutdown: Calculator24
2021-01-16 01:38:05.581ms INFO  CalculatorLogic: + startup: Calculator24
2021-01-16 01:38:05.581ms INFO  CustomerManager: + startup: Kunden
2021-01-16 01:38:05.581ms INFO  ArticleCatalog: + startup: Artikelkatalog
2021-01-16 01:38:20.308ms INFO  ArticleCatalog: - shutdown: Artikelkatalog
2021-01-16 01:38:20.311ms INFO  CustomerManager: - shutdown: Kunden
2021-01-16 01:38:20.312ms INFO  CalculatorLogic: - shutdown: Calculator24
